<?xml version="1.0" encoding="UTF-8"?>
<!-- Generated by org.testng.reporters.JUnitXMLReporter -->
<testsuite ignored="0" hostname="IBM808-PC0D6UMR" failures="0" tests="3" name="Default test" time="35.777" errors="0" timestamp="01 Feb 2019 07:06:55 GMT">
  <testcase classname="com.crm.qa.testcases.LoginPageTest" name="loginPageTitleTest" time="0.032"/>
  <testcase classname="com.crm.qa.testcases.LoginPageTest" name="crmLogoImageTest" time="0.088"/>
  <testcase classname="com.crm.qa.testcases.LoginPageTest" name="loginTest" time="6.02"/>
</testsuite> <!-- Default test -->
