<?xml version="1.0" encoding="UTF-8"?>
<!-- Generated by org.testng.reporters.JUnitXMLReporter -->
<testsuite ignored="0" hostname="IBM808-PC0D6UMR" failures="0" tests="3" name="Test" time="39.225" errors="0" timestamp="31 Jan 2019 09:25:46 GMT">
  <testcase classname="com.crm.qa.testcases.LoginPageTest" name="loginPageTitleTest" time="0.067"/>
  <testcase classname="com.crm.qa.testcases.LoginPageTest" name="crmLogoImageTest" time="0.088"/>
  <testcase classname="com.crm.qa.testcases.LoginPageTest" name="loginTest" time="7.765"/>
</testsuite> <!-- Test -->
